2026-05-03 18:44:53,385 [INFO] [1] Loading data...
2026-05-03 18:44:53,477 [INFO] [2] Converted to parquet: C:/Users/hmanj/PycharmProjects/NHL_Poisson/Poisson_Data_Jachec_NH_Lymphoma_Zip(in).parquet
2026-05-03 18:44:53,477 [INFO] [3] Cleaning data...
2026-05-03 18:44:53,493 [INFO] [4] Loading spatial data...
2026-05-03 18:44:54,657 [INFO]     Merged 54 records.
2026-05-03 18:44:54,657 [INFO] [5] Building adjacency matrix...
2026-05-03 18:44:55,193 [INFO]     126 adjacency edges found.
2026-05-03 18:44:55,193 [INFO] [6] Running Bayesian model (this may take several minutes)...
2026-05-03 18:44:55,211 [INFO]     ICAR scaling factor: 18519.1095
2026-05-03 18:45:42,003 [INFO] [7] Running diagnostics...
2026-05-03 18:45:42,336 [INFO]               mean     sd  hdi_3%  hdi_97%  mcse_mean  mcse_sd  ess_bulk  ess_tail  r_hat
alpha       -8.438  0.044  -8.505   -8.355      0.011    0.004      16.0      20.0    NaN
theta[0]    -0.086  0.711  -1.326    1.070      0.077    0.057      85.0      22.0    NaN
theta[1]     0.123  0.618  -1.007    1.397      0.095    0.057      40.0      60.0    NaN
theta[2]    -0.067  0.785  -1.716    1.124      0.085    0.112      85.0      38.0    NaN
theta[3]     0.034  1.016  -1.975    2.324      0.110    0.204      85.0      20.0    NaN
theta[4]     0.153  1.214  -1.744    2.458      0.132    0.169      85.0      23.0    NaN
theta[5]     0.097  0.961  -1.812    1.742      0.104    0.353      85.0      20.0    NaN
theta[6]     0.048  1.301  -2.047    2.272      0.141    0.185      85.0      46.0    NaN
theta[7]    -0.091  0.890  -1.612    1.259      0.097    0.069      85.0      46.0    NaN
theta[8]     0.019  1.260  -1.983    2.303      0.137    0.178      85.0      18.0    NaN
theta[9]    -0.097  0.864  -1.636    1.390      0.094    0.128      85.0      44.0    NaN
theta[10]    0.032  0.854  -1.880    1.306      0.093    0.124      85.0      38.0    NaN
theta[11]    0.004  1.022  -1.713    1.411      0.111    0.180      85.0      18.0    NaN
theta[12]    0.024  1.059  -2.113    1.748      0.115    0.191      85.0      43.0    NaN
theta[13]    0.061  0.828  -1.169    1.522      0.090    0.129      85.0      20.0    NaN
theta[14]    0.103  1.037  -1.742    2.280      0.113    0.176      85.0      33.0    NaN
theta[15]    0.086  1.013  -1.633    1.903      0.110    0.112      85.0      44.0    NaN
theta[16]    0.148  0.969  -1.835    1.683      0.105    0.153      85.0      46.0    NaN
theta[17]   -0.069  1.196  -2.719    1.610      0.130    0.228      85.0      14.0    NaN
theta[18]    0.242  0.966  -1.002    2.572      0.120    0.230      62.0      32.0    NaN
theta[19]    0.002  0.964  -1.847    1.466      0.105    0.186      85.0      55.0    NaN
theta[20]    0.014  1.371  -1.952    2.513      0.149    0.174      85.0      38.0    NaN
theta[21]   -0.006  0.904  -1.489    1.746      0.098    0.102      85.0      46.0    NaN
theta[22]    0.030  0.726  -1.009    1.360      0.079    0.065      85.0      46.0    NaN
theta[23]    0.098  0.946  -1.500    1.825      0.103    0.106      85.0      32.0    NaN
theta[24]    0.112  1.063  -1.862    1.957      0.115    0.153      85.0      17.0    NaN
theta[25]    0.050  0.823  -1.391    1.395      0.089    0.114      85.0      16.0    NaN
theta[26]   -0.052  1.278  -2.214    2.742      0.139    0.227      85.0      20.0    NaN
theta[27]    0.020  0.786  -1.643    1.471      0.085    0.118      85.0      46.0    NaN
theta[28]   -0.021  1.086  -2.235    1.682      0.118    0.133      85.0      46.0    NaN
theta[29]   -0.002  0.809  -1.346    1.478      0.132    0.115      41.0      18.0    NaN
theta[30]   -0.092  1.308  -2.672    2.301      0.142    0.141      85.0      34.0    NaN
theta[31]   -0.149  0.838  -1.647    1.385      0.095    0.123      71.0      32.0    NaN
theta[32]    0.012  0.679  -1.240    1.432      0.074    0.136      85.0      14.0    NaN
theta[33]    0.033  0.991  -1.549    1.644      0.108    0.125      85.0      15.0    NaN
theta[34]    0.002  0.829  -1.599    1.720      0.090    0.111      85.0      36.0    NaN
theta[35]    0.032  1.086  -2.172    1.410      0.126    0.343      71.0      15.0    NaN
theta[36]    0.044  0.820  -1.764    1.288      0.089    0.150      85.0      19.0    NaN
theta[37]   -0.035  0.886  -1.447    1.505      0.096    0.082      85.0      46.0    NaN
theta[38]   -0.106  0.801  -1.334    1.079      0.087    0.054      85.0      63.0    NaN
theta[39]    0.030  1.010  -1.556    1.783      0.110    0.121      85.0      46.0    NaN
theta[40]   -0.014  0.968  -1.447    1.945      0.105    0.154      85.0      20.0    NaN
theta[41]   -0.059  0.874  -1.788    1.404      0.095    0.119      85.0      46.0    NaN
theta[42]   -0.017  0.950  -1.667    1.708      0.103    0.115      85.0      19.0    NaN
theta[43]    0.144  1.224  -2.064    2.229      0.133    0.151      77.0      46.0    NaN
theta[44]    0.006  1.083  -2.549    1.526      0.118    0.219      85.0      13.0    NaN
theta[45]    0.009  1.055  -1.621    1.852      0.114    0.122      85.0      42.0    NaN
theta[46]   -0.047  0.990  -2.143    1.814      0.107    0.177      85.0      20.0    NaN
theta[47]   -0.078  1.038  -1.897    1.410      0.127    0.097      62.0      33.0    NaN
theta[48]    0.161  1.275  -2.903    1.955      0.138    0.265      85.0      44.0    NaN
theta[49]    0.076  1.151  -1.951    2.079      0.125    0.110      85.0      24.0    NaN
theta[50]   -0.080  0.911  -1.542    1.617      0.099    0.122      85.0      63.0    NaN
theta[51]    0.129  1.033  -1.502    2.867      0.114    0.210      57.0      46.0    NaN
theta[52]    0.023  1.188  -2.010    1.980      0.141    0.203      64.0      14.0    NaN
theta[53]    0.049  0.974  -1.777    1.613      0.106    0.100      82.0      31.0    NaN
phi_raw[0]   0.099  0.569  -0.860    1.110      0.266    0.044       5.0      26.0    NaN
phi_raw[1]  -0.008  0.479  -0.825    0.812      0.163    0.029      10.0      31.0    NaN
phi_raw[2]  -0.000  0.465  -0.763    0.694      0.065    0.043      59.0      31.0    NaN
phi_raw[3]   0.055  0.643  -1.267    1.001      0.085    0.057      59.0      17.0    NaN
phi_raw[4]  -0.803  1.378  -3.232    1.472      0.324    0.185      20.0      33.0    NaN
phi_raw[5]   0.052  0.472  -0.740    0.968      0.051    0.034      85.0      31.0    NaN
phi_raw[6]   0.015  0.549  -0.867    1.116      0.147    0.040      15.0      18.0    NaN
phi_raw[7]  -0.037  0.454  -1.137    0.577      0.067    0.038      42.0      50.0    NaN
phi_raw[8]   0.379  1.190  -1.534    2.429      0.175    0.220      49.0      31.0    NaN
phi_raw[9]  -0.048  0.583  -1.025    0.905      0.257    0.043       5.0      55.0    NaN
phi_raw[10]  0.093  0.564  -0.870    0.934      0.087    0.058      44.0      55.0    NaN
phi_raw[11]  0.035  0.938  -1.632    1.756      0.195    0.101      23.0      55.0    NaN
phi_raw[12] -0.170  0.842  -1.505    1.371      0.125    0.082      43.0      32.0    NaN
phi_raw[13] -0.013  0.646  -1.277    1.205      0.093    0.049      49.0      60.0    NaN
phi_raw[14]  0.179  0.768  -1.112    1.526      0.371    0.051       4.0      22.0    NaN
phi_raw[15] -0.528  1.016  -2.085    1.623      0.234    0.111      20.0      21.0    NaN
phi_raw[16] -0.019  0.479  -1.093    0.713      0.064    0.079      57.0      46.0    NaN
phi_raw[17]  0.162  0.812  -0.989    1.536      0.208    0.071      12.0      21.0    NaN
phi_raw[18]  0.063  0.539  -1.061    1.171      0.090    0.082      37.0      50.0    NaN
phi_raw[19]  0.041  0.887  -1.537    1.622      0.255    0.113      12.0      18.0    NaN
phi_raw[20]  0.280  0.615  -0.802    1.541      0.122    0.051      24.0      32.0    NaN
phi_raw[21] -0.125  0.956  -1.997    1.522      0.176    0.092      27.0      19.0    NaN
phi_raw[22]  0.326  1.066  -1.397    2.142      0.171    0.058      37.0      60.0    NaN
phi_raw[23]  0.020  0.539  -0.904    0.907      0.068    0.047      54.0      60.0    NaN
phi_raw[24]  0.056  0.628  -0.791    1.631      0.137    0.051      16.0      23.0    NaN
phi_raw[25]  0.344  0.758  -0.796    1.694      0.119    0.058      41.0      63.0    NaN
phi_raw[26] -0.192  0.542  -1.023    1.178      0.072    0.079      61.0      33.0    NaN
phi_raw[27]  0.041  0.535  -0.969    0.862      0.092    0.034      30.0      36.0    NaN
phi_raw[28] -0.029  0.582  -1.073    1.101      0.063    0.063      85.0      57.0    NaN
phi_raw[29]  0.219  0.552  -0.633    1.462      0.078    0.053      46.0      36.0    NaN
phi_raw[30]  0.053  0.702  -1.119    1.250      0.177    0.083      20.0      29.0    NaN
phi_raw[31] -0.058  0.870  -1.807    1.475      0.131    0.092      44.0      31.0    NaN
phi_raw[32] -0.928  1.629  -4.157    1.606      0.387    0.214      17.0      31.0    NaN
phi_raw[33] -0.830  1.600  -3.553    1.828      0.384    0.260      18.0      46.0    NaN
phi_raw[34]  0.023  0.511  -1.071    0.766      0.094    0.046      28.0      32.0    NaN
phi_raw[35]  0.040  0.588  -0.977    1.105      0.070    0.048      51.0      63.0    NaN
phi_raw[36]  0.070  0.540  -0.818    1.149      0.059    0.067      52.0      46.0    NaN
phi_raw[37]  0.047  0.438  -0.763    0.800      0.060    0.036      40.0      63.0    NaN
phi_raw[38]  0.127  0.524  -0.965    1.047      0.210    0.058       7.0      19.0    NaN
phi_raw[39]  0.120  0.583  -0.845    0.939      0.085    0.040      39.0      22.0    NaN
phi_raw[40]  0.152  0.801  -0.926    1.691      0.095    0.050      74.0      58.0    NaN
phi_raw[41]  0.147  0.579  -0.727    1.314      0.063    0.079      81.0      22.0    NaN
phi_raw[42]  0.177  0.717  -1.211    1.321      0.115    0.067      43.0      42.0    NaN
phi_raw[43]  0.037  0.636  -1.058    1.150      0.102    0.081      38.0      18.0    NaN
phi_raw[44]  0.218  0.785  -1.568    1.513      0.115    0.065      46.0      50.0    NaN
phi_raw[45] -0.031  0.495  -1.171    0.813      0.061    0.056      71.0      46.0    NaN
phi_raw[46]  0.121  0.681  -1.079    1.396      0.096    0.055      51.0      32.0    NaN
phi_raw[47]  0.291  0.852  -1.273    1.751      0.146    0.086      37.0      33.0    NaN
phi_raw[48]  0.102  0.634  -0.828    1.265      0.079    0.056      63.0      35.0    NaN
phi_raw[49] -0.099  0.580  -0.867    1.156      0.099    0.078      34.0      33.0    NaN
phi_raw[50]  0.222  0.697  -0.990    1.457      0.103    0.054      45.0      14.0    NaN
phi_raw[51]  0.043  0.723  -1.025    1.651      0.128    0.103      37.0      23.0    NaN
phi_raw[52]  0.101  0.878  -1.521    1.990      0.287    0.085       8.0      58.0    NaN
phi_raw[53]  0.011  0.769  -1.209    1.470      0.086    0.065      85.0      36.0    NaN
sigma        0.219  0.312   0.000    0.892      0.061    0.053       9.0      32.0    NaN
rho          0.629  0.379   0.005    1.000      0.108    0.042      12.0      18.0    NaN
2026-05-03 18:45:42,344 [INFO] [8] Saving output to C:/Users/hmanj/OneDrive/Desktop/Research/Jacob Lab/HjBayesianModeler/Out_Test/may third/Run_3\HBM_Poisson_Data_Jachec_NH_Lymphoma_Zip(in)_1777848293.csv ...
2026-05-03 18:45:42,368 [INFO]     Report (.out): C:/Users/hmanj/OneDrive/Desktop/Research/Jacob Lab/HjBayesianModeler/Out_Test/may third/Run_3\HBM_Poisson_Data_Jachec_NH_Lymphoma_Zip(in)_1777848293.out
2026-05-03 18:45:42,370 [INFO]     Posterior-by-region CSV: C:/Users/hmanj/OneDrive/Desktop/Research/Jacob Lab/HjBayesianModeler/Out_Test/may third/Run_3\HBM_Poisson_Data_Jachec_NH_Lymphoma_Zip(in)_1777848293.csv
2026-05-03 18:45:42,370 [INFO]     Diagnostic summary CSV: C:/Users/hmanj/OneDrive/Desktop/Research/Jacob Lab/HjBayesianModeler/Out_Test/may third/Run_3\HBM_Poisson_Data_Jachec_NH_Lymphoma_Zip(in)_1777848293_summary.csv
2026-05-03 18:45:42,370 [INFO] [DONE] Pipeline complete. Output: C:/Users/hmanj/OneDrive/Desktop/Research/Jacob Lab/HjBayesianModeler/Out_Test/may third/Run_3\HBM_Poisson_Data_Jachec_NH_Lymphoma_Zip(in)_1777848293.out
