=== HBM Pipeline Summary ===
Input:   C:/Users/hmanj/PycharmProjects/NHL_Poisson/Poisson_Data_Jachec_NH_Lymphoma_Zip(in).csv
Spatial: C:/Users/hmanj/OneDrive/Desktop/Hillsborough_new.geojson
N regions: 54
N edges:   126
Scaling factor: 18519.1095

              mean     sd  hdi_3%  hdi_97%  mcse_mean  mcse_sd  ess_bulk  ess_tail  r_hat
alpha       -8.173  0.051  -8.268   -8.084      0.004    0.004     155.0      97.0    NaN
theta[0]    -0.080  0.941  -1.933    1.561      0.119    0.073      65.0      23.0    NaN
theta[1]    -0.019  1.055  -1.777    1.786      0.075    0.067     167.0      70.0    NaN
theta[2]    -0.217  1.033  -2.008    1.546      0.073    0.096     185.0      70.0    NaN
theta[3]    -0.020  0.977  -1.623    2.029      0.088    0.099     122.0      71.0    NaN
theta[4]    -0.051  0.840  -1.459    1.617      0.069    0.091     152.0      67.0    NaN
theta[5]     0.159  0.928  -1.345    2.216      0.089    0.086     103.0      78.0    NaN
theta[6]    -0.129  1.021  -1.854    1.760      0.072    0.207     190.0      48.0    NaN
theta[7]     0.047  1.132  -2.464    2.165      0.080    0.143     200.0      33.0    NaN
theta[8]    -0.090  0.806  -1.477    0.994      0.057    0.065     200.0     100.0    NaN
theta[9]    -0.016  0.865  -1.685    1.651      0.077    0.091     134.0     102.0    NaN
theta[10]   -0.012  1.038  -2.368    1.652      0.073    0.095     200.0      52.0    NaN
theta[11]    0.035  0.837  -1.466    1.856      0.077    0.085     114.0      70.0    NaN
theta[12]   -0.043  0.884  -1.545    1.471      0.063    0.072     200.0      94.0    NaN
theta[13]    0.084  0.875  -1.295    2.271      0.064    0.099     184.0      74.0    NaN
theta[14]   -0.070  0.872  -1.634    1.289      0.062    0.103     163.0      42.0    NaN
theta[15]   -0.122  0.798  -1.888    1.060      0.067    0.068     143.0      98.0    NaN
theta[16]    0.056  0.839  -1.444    1.502      0.078    0.066     123.0      78.0    NaN
theta[17]   -0.062  0.917  -1.467    1.834      0.081    0.080     133.0      60.0    NaN
theta[18]   -0.033  0.865  -1.741    1.403      0.070    0.083     173.0      78.0    NaN
theta[19]    0.104  0.826  -1.287    1.436      0.068    0.090     167.0      58.0    NaN
theta[20]   -0.053  0.994  -1.862    1.756      0.104    0.083      86.0      46.0    NaN
theta[21]   -0.031  0.939  -2.142    1.238      0.081    0.075     130.0     117.0    NaN
theta[22]    0.012  0.944  -1.511    1.901      0.081    0.074     131.0     113.0    NaN
theta[23]    0.414  0.985  -1.761    1.961      0.087    0.125     152.0      52.0    NaN
theta[24]   -0.081  1.007  -1.994    1.491      0.071    0.095     200.0      77.0    NaN
theta[25]   -0.091  0.856  -2.364    1.295      0.068    0.104     190.0      60.0    NaN
theta[26]    0.021  1.117  -1.679    2.283      0.089    0.101     158.0      55.0    NaN
theta[27]    0.016  1.065  -1.694    2.214      0.097    0.109     123.0      57.0    NaN
theta[28]   -0.094  0.817  -1.686    1.317      0.070    0.090     137.0      71.0    NaN
theta[29]   -0.055  0.757  -1.585    1.187      0.056    0.065     178.0      97.0    NaN
theta[30]   -0.137  1.125  -1.932    2.027      0.080    0.079     200.0      87.0    NaN
theta[31]    0.082  0.976  -1.508    2.049      0.076    0.103     161.0      74.0    NaN
theta[32]   -0.133  0.997  -1.705    1.654      0.118    0.123      91.0      54.0    NaN
theta[33]   -0.001  0.906  -1.740    1.412      0.064    0.101     200.0      78.0    NaN
theta[34]    0.069  0.814  -1.480    1.624      0.073    0.069     134.0     112.0    NaN
theta[35]   -0.028  1.259  -2.052    2.227      0.092    0.087     176.0     108.0    NaN
theta[36]    0.004  0.896  -1.596    1.497      0.069    0.059     172.0     102.0    NaN
theta[37]    0.023  0.978  -1.579    1.874      0.075    0.078     165.0      78.0    NaN
theta[38]    0.051  0.980  -1.627    1.905      0.093    0.118     108.0      72.0    NaN
theta[39]    0.018  0.859  -1.483    1.532      0.073    0.095     145.0      52.0    NaN
theta[40]   -0.006  0.881  -1.695    1.684      0.062    0.082     200.0      78.0    NaN
theta[41]    0.064  0.942  -1.355    1.955      0.085    0.071     139.0     112.0    NaN
theta[42]   -0.047  1.159  -2.171    2.077      0.082    0.095     200.0      93.0    NaN
theta[43]    0.052  0.971  -1.767    2.082      0.076    0.104     144.0      76.0    NaN
theta[44]    0.065  0.828  -1.477    1.554      0.085    0.057      94.0      65.0    NaN
theta[45]    0.069  1.041  -1.617    1.790      0.080    0.095     175.0      58.0    NaN
theta[46]   -0.113  0.925  -1.785    1.538      0.068    0.079     168.0      77.0    NaN
theta[47]   -0.023  1.184  -2.223    2.110      0.122    0.141      99.0      31.0    NaN
theta[48]    0.136  1.111  -2.071    2.102      0.092    0.108     173.0      46.0    NaN
theta[49]   -0.057  1.107  -2.740    1.820      0.089    0.135     171.0      37.0    NaN
theta[50]    0.111  0.883  -1.284    1.899      0.079    0.084     137.0      58.0    NaN
theta[51]   -0.089  0.958  -2.108    1.560      0.068    0.103     200.0      77.0    NaN
theta[52]   -0.029  0.926  -1.584    2.180      0.065    0.106     200.0      97.0    NaN
theta[53]   -0.003  1.079  -2.332    1.665      0.076    0.107     200.0     104.0    NaN
phi_raw[0]  -0.018  0.640  -1.054    1.371      0.075    0.066      72.0      52.0    NaN
phi_raw[1]  -0.120  0.529  -1.041    0.768      0.053    0.049     101.0      78.0    NaN
phi_raw[2]  -0.078  0.571  -1.177    0.862      0.056    0.035     107.0     112.0    NaN
phi_raw[3]  -0.095  0.635  -1.221    1.161      0.062    0.054     104.0      98.0    NaN
phi_raw[4]   0.379  1.374  -2.423    2.472      0.222    0.108      38.0      55.0    NaN
phi_raw[5]  -0.044  0.481  -0.890    0.863      0.045    0.045     112.0      87.0    NaN
phi_raw[6]  -0.051  0.634  -1.030    1.110      0.084    0.050      45.0      89.0    NaN
phi_raw[7]  -0.041  0.519  -0.944    0.818      0.045    0.052     126.0      78.0    NaN
phi_raw[8]  -0.057  0.953  -1.962    1.427      0.100    0.085      93.0      75.0    NaN
phi_raw[9]  -0.064  0.633  -1.034    1.092      0.056    0.038     125.0      95.0    NaN
phi_raw[10]  0.025  0.538  -0.833    1.049      0.063    0.040      70.0      71.0    NaN
phi_raw[11] -0.028  1.051  -1.675    2.015      0.113    0.098      85.0      78.0    NaN
phi_raw[12]  0.043  0.751  -1.158    1.541      0.061    0.062     152.0      71.0    NaN
phi_raw[13] -0.031  0.506  -0.966    0.815      0.045    0.046     130.0      83.0    NaN
phi_raw[14]  0.079  0.779  -1.344    1.523      0.115    0.064      45.0      71.0    NaN
phi_raw[15]  0.198  0.955  -1.633    1.717      0.118    0.078      71.0      78.0    NaN
phi_raw[16] -0.042  0.618  -1.095    0.925      0.076    0.052      78.0      78.0    NaN
phi_raw[17] -0.080  0.819  -1.369    1.952      0.087    0.080      82.0      71.0    NaN
phi_raw[18] -0.020  0.597  -1.013    1.079      0.095    0.033      40.0      51.0    NaN
phi_raw[19]  0.089  1.231  -1.828    2.611      0.116    0.104     103.0      52.0    NaN
phi_raw[20] -0.052  0.512  -1.042    0.837      0.053    0.036      97.0      76.0    NaN
phi_raw[21]  0.022  0.814  -1.737    1.319      0.080    0.077     101.0      64.0    NaN
phi_raw[22] -0.134  0.899  -1.847    1.167      0.065    0.147     161.0      47.0    NaN
phi_raw[23] -0.053  0.496  -1.155    0.759      0.043    0.056     134.0      88.0    NaN
phi_raw[24] -0.109  0.633  -1.262    0.981      0.066    0.041      88.0      78.0    NaN
phi_raw[25] -0.018  0.753  -1.282    1.344      0.069    0.071     120.0      92.0    NaN
phi_raw[26] -0.107  0.576  -1.166    0.953      0.053    0.045     122.0      40.0    NaN
phi_raw[27]  0.012  0.613  -0.912    1.342      0.055    0.068     124.0      60.0    NaN
phi_raw[28] -0.163  0.706  -1.363    1.003      0.076    0.064      92.0      60.0    NaN
phi_raw[29] -0.004  0.588  -1.260    0.900      0.063    0.043      95.0      77.0    NaN
phi_raw[30]  0.022  0.556  -1.380    0.828      0.060    0.059      88.0      77.0    NaN
phi_raw[31] -0.103  0.904  -1.721    1.456      0.092    0.098     110.0      60.0    NaN
phi_raw[32]  0.384  1.570  -2.644    3.010      0.222    0.128      55.0      78.0    NaN
phi_raw[33]  0.273  1.470  -2.374    2.866      0.234    0.136      40.0      59.0    NaN
phi_raw[34] -0.103  0.694  -1.117    1.426      0.131    0.061      25.0      59.0    NaN
phi_raw[35] -0.116  0.621  -1.061    1.123      0.082    0.048      59.0      63.0    NaN
phi_raw[36] -0.130  0.648  -1.551    0.937      0.062    0.035     109.0      93.0    NaN
phi_raw[37]  0.053  0.530  -1.040    0.911      0.062    0.042      70.0      78.0    NaN
phi_raw[38] -0.055  0.543  -0.997    0.837      0.063    0.033      71.0      82.0    NaN
phi_raw[39] -0.112  0.601  -1.127    1.064      0.058    0.065     113.0      77.0    NaN
phi_raw[40]  0.006  0.574  -1.135    1.038      0.053    0.046     115.0      75.0    NaN
phi_raw[41] -0.090  0.554  -1.092    1.053      0.058    0.045      86.0      92.0    NaN
phi_raw[42]  0.003  0.617  -0.973    1.151      0.066    0.051      80.0      91.0    NaN
phi_raw[43] -0.056  0.709  -1.138    1.333      0.056    0.053     149.0      78.0    NaN
phi_raw[44] -0.022  0.732  -1.400    1.406      0.076    0.059      90.0      78.0    NaN
phi_raw[45] -0.007  0.418  -0.876    0.726      0.043    0.034      95.0      82.0    NaN
phi_raw[46] -0.093  0.592  -1.043    1.158      0.061    0.042     100.0      89.0    NaN
phi_raw[47] -0.032  0.833  -1.558    1.573      0.091    0.070      85.0      85.0    NaN
phi_raw[48] -0.026  0.538  -1.013    0.984      0.088    0.039      38.0      62.0    NaN
phi_raw[49] -0.068  0.595  -1.077    0.989      0.048    0.045     146.0      76.0    NaN
phi_raw[50] -0.059  0.623  -1.393    0.914      0.071    0.042      76.0     113.0    NaN
phi_raw[51] -0.046  0.687  -1.101    1.311      0.093    0.052      50.0      54.0    NaN
phi_raw[52] -0.061  0.783  -1.511    1.470      0.071    0.072     114.0      68.0    NaN
phi_raw[53] -0.011  0.715  -1.444    1.245      0.076    0.050      86.0      52.0    NaN
sigma        0.281  0.366   0.013    0.929      0.049    0.081      18.0      61.0    NaN
rho          0.759  0.293   0.152    1.000      0.056    0.028      18.0      77.0    NaN
