======================================================================
  Stepwise Backwards Negative Binomial — Final Model
======================================================================

                  Generalized Linear Model Regression Results                  
===============================================================================
Dep. Variable:     vulnerability_index   No. Observations:                   53
Model:                             GLM   Df Residuals:                       51
Model Family:         NegativeBinomial   Df Model:                            1
Link Function:                     Log   Scale:                          1.0000
Method:                           IRLS   Log-Likelihood:                -154.67
Date:                 Tue, 05 May 2026   Deviance:                       4.0248
Time:                         14:40:42   Pearson chi2:                     2.68
No. Iterations:                      8   Pseudo R-squ. (CS):             0.1734
Covariance Type:             nonrobust                                         
========================================================================================
                           coef    std err          z      P>|z|      [0.025      0.975]
----------------------------------------------------------------------------------------
const                    0.8465      0.335      2.526      0.012       0.190       1.503
150_up_poverty_level  4.156e-05   1.22e-05      3.402      0.001    1.76e-05    6.55e-05
========================================================================================

──────────────────────────────────────────────────────────────────────
  Variance Inflation Factors (VIF)
──────────────────────────────────────────────────────────────────────
            Variable      VIF
               const 4.915477
150_up_poverty_level 1.000000

──────────────────────────────────────────────────────────────────────
  Full Model Summary (Pre-Elimination)
──────────────────────────────────────────────────────────────────────
                  Generalized Linear Model Regression Results                  
===============================================================================
Dep. Variable:     vulnerability_index   No. Observations:                   53
Model:                             GLM   Df Residuals:                        0
Model Family:         NegativeBinomial   Df Model:                           52
Link Function:                     Log   Scale:                          1.0000
Method:                           IRLS   Log-Likelihood:                -152.66
Date:                 Tue, 05 May 2026   Deviance:                  -1.8130e-14
Time:                         14:40:42   Pearson chi2:                 7.61e-24
No. Iterations:                      7   Pseudo R-squ. (CS):             0.2338
Covariance Type:             nonrobust                                         
===========================================================================================================
                                              coef    std err          z      P>|z|      [0.025      0.975]
-----------------------------------------------------------------------------------------------------------
const                                   -2.678e-09   1.18e-07     -0.023      0.982   -2.34e-07    2.28e-07
zip_code                                  8.64e-06      0.000      0.084      0.933      -0.000       0.000
total_population                           -0.0002      0.001     -0.182      0.855      -0.002       0.002
under_5                                    -0.0003      0.001     -0.265      0.791      -0.003       0.002
5_9                                      9.094e-05      0.001      0.071      0.943      -0.002       0.003
10_14                                      -0.0005      0.001     -0.335      0.738      -0.003       0.002
15_17                                    7.425e-05      0.002      0.039      0.969      -0.004       0.004
_20_                                        0.0003      0.001      0.340      0.734      -0.002       0.002
_21_                                       -0.0004      0.002     -0.224      0.823      -0.004       0.003
22_24                                       0.0004      0.002      0.179      0.858      -0.004       0.005
25_29                                       0.0005      0.001      0.503      0.615      -0.001       0.002
30_34                                      -0.0001      0.001     -0.191      0.849      -0.001       0.001
35_39                                       0.0001      0.001      0.182      0.856      -0.001       0.002
40_44                                      -0.0003      0.001     -0.291      0.771      -0.002       0.002
45_49                                       0.0007      0.001      0.702      0.483      -0.001       0.002
50_54                                       0.0002      0.001      0.156      0.876      -0.002       0.002
55_59                                      -0.0004      0.001     -0.394      0.694      -0.002       0.001
60_61                                     6.52e-05      0.001      0.061      0.952      -0.002       0.002
62_64                                     2.26e-05      0.002      0.014      0.989      -0.003       0.003
65_66                                       0.0007      0.001      0.497      0.619      -0.002       0.003
67_69                                    3.913e-05      0.001      0.030      0.976      -0.003       0.003
70_74                                      -0.0007      0.002     -0.310      0.756      -0.005       0.004
75_79                                       0.0003      0.001      0.420      0.675      -0.001       0.002
80_84                                   -2.544e-06      0.001     -0.002      0.998      -0.003       0.003
_85_                                     6.103e-05      0.002      0.036      0.971      -0.003       0.003
male                                    -9.322e-05      0.001     -0.164      0.870      -0.001       0.001
male_under_5                                0.0003      0.001      0.273      0.785      -0.002       0.003
male_5_9                                   -0.0003      0.002     -0.171      0.864      -0.003       0.003
male_10_14                                 -0.0002      0.001     -0.195      0.845      -0.002       0.002
male_15_17                                 -0.0001      0.002     -0.088      0.930      -0.003       0.003
male_18_19                               5.711e-05      0.002      0.030      0.976      -0.004       0.004
male_20                                    -0.0009      0.003     -0.351      0.726      -0.006       0.004
male_21                                     0.0002      0.001      0.133      0.894      -0.003       0.003
male_22_24                              -2.589e-07      0.002     -0.000      1.000      -0.004       0.004
male_25_29                                  0.0007      0.002      0.292      0.770      -0.004       0.005
male_30_34                                  0.0006      0.001      0.494      0.621      -0.002       0.003
male_35_39                                  0.0001      0.002      0.082      0.935      -0.003       0.003
male_40_44                                  0.0007      0.002      0.371      0.711      -0.003       0.004
male_45_49                              -2.577e-05      0.001     -0.018      0.986      -0.003       0.003
male_50_54                                  0.0002      0.001      0.172      0.864      -0.002       0.003
male_55_59                                  0.0001      0.002      0.046      0.963      -0.005       0.005
male_60_61                                 -0.0002      0.002     -0.078      0.938      -0.004       0.004
male_62_64                                  0.0005      0.002      0.209      0.835      -0.004       0.005
male_65_66                                 -0.0001      0.002     -0.048      0.962      -0.005       0.005
male_67_69                                 -0.0008      0.002     -0.446      0.656      -0.004       0.003
male_70_74                                 -0.0003      0.002     -0.163      0.870      -0.004       0.004
male_75_79                                 -0.0003      0.002     -0.110      0.913      -0.005       0.004
male_80_84                                  0.0003      0.003      0.101      0.920      -0.006       0.007
male_85                                    -0.0007      0.002     -0.432      0.666      -0.004       0.002
female                                  -9.111e-05      0.001     -0.092      0.927      -0.002       0.002
female_under_5                             -0.0006      0.001     -0.490      0.624      -0.003       0.002
female_5_9                                  0.0003      0.001      0.266      0.790      -0.002       0.003
female_10_14                               -0.0003      0.001     -0.255      0.799      -0.002       0.002
female_15_17                                0.0002      0.002      0.134      0.893      -0.003       0.003
female_18_19                                0.0003      0.001      0.185      0.853      -0.003       0.003
female_20                                   0.0005      0.002      0.320      0.749      -0.003       0.004
female_21                                   0.0002      0.003      0.074      0.941      -0.006       0.006
female_22_24                                0.0005      0.002      0.254      0.800      -0.003       0.004
female_25_29                               -0.0008      0.002     -0.394      0.694      -0.005       0.003
female_30_34                               -0.0005      0.001     -0.408      0.683      -0.003       0.002
female_35_39                               -0.0004      0.001     -0.352      0.725      -0.003       0.002
female_40_44                             8.542e-06      0.002      0.005      0.996      -0.004       0.004
female_45_49                                0.0002      0.001      0.150      0.881      -0.002       0.003
female_50_54                               -0.0006      0.002     -0.371      0.710      -0.004       0.003
female_55_59                            -4.988e-05      0.002     -0.025      0.980      -0.004       0.004
female_60_61                                0.0002      0.003      0.072      0.942      -0.005       0.005
female_62_64                                0.0002      0.002      0.107      0.915      -0.004       0.004
female_65_66                                0.0002      0.002      0.074      0.941      -0.004       0.004
female_67_69                             9.575e-05      0.002      0.062      0.950      -0.003       0.003
female_70_74                                0.0007      0.002      0.291      0.771      -0.004       0.005
female_75_79                                0.0003      0.002      0.121      0.903      -0.004       0.005
female_80_84                               -0.0003      0.004     -0.073      0.942      -0.008       0.007
female_85                                  -0.0004      0.002     -0.164      0.870      -0.005       0.004
white                                   -1.127e-05      0.001     -0.021      0.983      -0.001       0.001
white_male                                 -0.0001      0.001     -0.100      0.920      -0.003       0.002
white_female                                0.0001      0.001      0.115      0.909      -0.002       0.002
black_african_american                   3.482e-05      0.001      0.069      0.945      -0.001       0.001
black_african_american_male              2.439e-05      0.001      0.022      0.982      -0.002       0.002
black_african_american_female            1.044e-05      0.001      0.010      0.992      -0.002       0.002
american_indian_alaska_native               0.0001      0.001      0.100      0.920      -0.002       0.003
american_indian_alaska_native_male      -3.105e-05      0.001     -0.032      0.974      -0.002       0.002
american_indian_alaska_native_female        0.0002      0.001      0.146      0.884      -0.002       0.002
asian                                      -0.0001      0.000     -0.217      0.828      -0.001       0.001
asian_male                                 -0.0001      0.002     -0.069      0.945      -0.004       0.003
asian_female                             1.566e-05      0.002      0.009      0.993      -0.003       0.004
native_hawaiian_pacific_islander           -0.0005      0.001     -0.403      0.687      -0.003       0.002
native_hawaiian_pacific_islander_male      -0.0003      0.001     -0.219      0.827      -0.003       0.002
native_hawaiian_pacific_islander_female    -0.0002      0.001     -0.146      0.884      -0.002       0.002
other_race                                  0.0002      0.001      0.228      0.819      -0.001       0.001
other_race_male                             0.0007      0.001      0.563      0.573      -0.002       0.003
other_race_female                          -0.0005      0.001     -0.395      0.693      -0.003       0.002
two_or_more_races                        6.895e-05      0.001      0.096      0.923      -0.001       0.001
two_or_more_races_male                     -0.0002      0.001     -0.159      0.874      -0.003       0.003
two_or_more_races_female                    0.0003      0.001      0.200      0.842      -0.003       0.003
hispanic_or_latino                      -7.484e-05      0.000     -0.196      0.845      -0.001       0.001
hispanic_or_latino_male                    -0.0002      0.001     -0.178      0.858      -0.003       0.002
hispanic_or_latino_female                   0.0001      0.001      0.124      0.901      -0.002       0.002
below_100_percent_poverty_level             0.0002      0.001      0.286      0.775      -0.001       0.002
100_to_149_percent_poverty_level            0.0005      0.001      0.384      0.701      -0.002       0.003
150_up_poverty_level                        0.0005      0.001      0.579      0.562      -0.001       0.002
employed                                   -0.0002      0.002     -0.087      0.931      -0.005       0.004
median_income                           -2.735e-05   6.48e-05     -0.422      0.673      -0.000    9.97e-05
mean_income                              1.667e-05   3.36e-05      0.497      0.620   -4.91e-05    8.25e-05
===========================================================================================================

──────────────────────────────────────────────────────────────────────
  Final Coefficient Table
──────────────────────────────────────────────────────────────────────
                      Coefficient  Std Error         z   p-value
const                    0.846536   0.335144  2.525889  0.011541
150_up_poverty_level     0.000042   0.000012  3.401670  0.000670
